Determining if the pthread_create exist failed with the following output:
Change Dir: /home/jrv/Research/RoboticArcitecture/abb_experimental_ws/build/abb_irb1200_5_90_moveit_config/CMakeFiles/CMakeTmp

Run Build Command:"/usr/bin/make" "cmTC_f24ae/fast"
/usr/bin/make -f CMakeFiles/cmTC_f24ae.dir/build.make CMakeFiles/cmTC_f24ae.dir/build
make[1]: Entering directory '/home/jrv/Research/RoboticArcitecture/abb_experimental_ws/build/abb_irb1200_5_90_moveit_config/CMakeFiles/CMakeTmp'
Building C object CMakeFiles/cmTC_f24ae.dir/CheckSymbolExists.c.o
/usr/bin/cc    -o CMakeFiles/cmTC_f24ae.dir/CheckSymbolExists.c.o   -c /home/jrv/Research/RoboticArcitecture/abb_experimental_ws/build/abb_irb1200_5_90_moveit_config/CMakeFiles/CMakeTmp/CheckSymbolExists.c
Linking C executable cmTC_f24ae
/usr/local/bin/cmake -E cmake_link_script CMakeFiles/cmTC_f24ae.dir/link.txt --verbose=1
/usr/bin/cc      -rdynamic CMakeFiles/cmTC_f24ae.dir/CheckSymbolExists.c.o  -o cmTC_f24ae 
CMakeFiles/cmTC_f24ae.dir/CheckSymbolExists.c.o: In function `main':
CheckSymbolExists.c:(.text+0x16): undefined reference to `pthread_create'
collect2: error: ld returned 1 exit status
CMakeFiles/cmTC_f24ae.dir/build.make:97: recipe for target 'cmTC_f24ae' failed
make[1]: *** [cmTC_f24ae] Error 1
make[1]: Leaving directory '/home/jrv/Research/RoboticArcitecture/abb_experimental_ws/build/abb_irb1200_5_90_moveit_config/CMakeFiles/CMakeTmp'
Makefile:126: recipe for target 'cmTC_f24ae/fast' failed
make: *** [cmTC_f24ae/fast] Error 2

File /home/jrv/Research/RoboticArcitecture/abb_experimental_ws/build/abb_irb1200_5_90_moveit_config/CMakeFiles/CMakeTmp/CheckSymbolExists.c:
/* */
#include <pthread.h>

int main(int argc, char** argv)
{
  (void)argv;
#ifndef pthread_create
  return ((int*)(&pthread_create))[argc];
#else
  (void)argc;
  return 0;
#endif
}

Determining if the function pthread_create exists in the pthreads failed with the following output:
Change Dir: /home/jrv/Research/RoboticArcitecture/abb_experimental_ws/build/abb_irb1200_5_90_moveit_config/CMakeFiles/CMakeTmp

Run Build Command:"/usr/bin/make" "cmTC_31f4c/fast"
/usr/bin/make -f CMakeFiles/cmTC_31f4c.dir/build.make CMakeFiles/cmTC_31f4c.dir/build
make[1]: Entering directory '/home/jrv/Research/RoboticArcitecture/abb_experimental_ws/build/abb_irb1200_5_90_moveit_config/CMakeFiles/CMakeTmp'
Building C object CMakeFiles/cmTC_31f4c.dir/CheckFunctionExists.c.o
/usr/bin/cc   -DCHECK_FUNCTION_EXISTS=pthread_create   -o CMakeFiles/cmTC_31f4c.dir/CheckFunctionExists.c.o   -c /usr/local/share/cmake-3.9/Modules/CheckFunctionExists.c
Linking C executable cmTC_31f4c
/usr/local/bin/cmake -E cmake_link_script CMakeFiles/cmTC_31f4c.dir/link.txt --verbose=1
/usr/bin/cc  -DCHECK_FUNCTION_EXISTS=pthread_create    -rdynamic CMakeFiles/cmTC_31f4c.dir/CheckFunctionExists.c.o  -o cmTC_31f4c -lpthreads 
/usr/bin/ld: cannot find -lpthreads
collect2: error: ld returned 1 exit status
CMakeFiles/cmTC_31f4c.dir/build.make:97: recipe for target 'cmTC_31f4c' failed
make[1]: *** [cmTC_31f4c] Error 1
make[1]: Leaving directory '/home/jrv/Research/RoboticArcitecture/abb_experimental_ws/build/abb_irb1200_5_90_moveit_config/CMakeFiles/CMakeTmp'
Makefile:126: recipe for target 'cmTC_31f4c/fast' failed
make: *** [cmTC_31f4c/fast] Error 2


