Determining if the pthread_create exist failed with the following output:
Change Dir: /home/jrv/Research/Robotic Architecture/abb_experimental_ws/build/abb_irb1600_6_12_moveit_config/CMakeFiles/CMakeTmp

Run Build Command:"/usr/bin/make" "cmTC_396ba/fast"
/usr/bin/make -f CMakeFiles/cmTC_396ba.dir/build.make CMakeFiles/cmTC_396ba.dir/build
make[1]: Entering directory '/home/jrv/Research/Robotic Architecture/abb_experimental_ws/build/abb_irb1600_6_12_moveit_config/CMakeFiles/CMakeTmp'
Building C object CMakeFiles/cmTC_396ba.dir/CheckSymbolExists.c.o
/usr/bin/cc    -o CMakeFiles/cmTC_396ba.dir/CheckSymbolExists.c.o   -c "/home/jrv/Research/Robotic Architecture/abb_experimental_ws/build/abb_irb1600_6_12_moveit_config/CMakeFiles/CMakeTmp/CheckSymbolExists.c"
Linking C executable cmTC_396ba
/usr/local/bin/cmake -E cmake_link_script CMakeFiles/cmTC_396ba.dir/link.txt --verbose=1
/usr/bin/cc      -rdynamic CMakeFiles/cmTC_396ba.dir/CheckSymbolExists.c.o  -o cmTC_396ba 
CMakeFiles/cmTC_396ba.dir/CheckSymbolExists.c.o: In function `main':
CheckSymbolExists.c:(.text+0x16): undefined reference to `pthread_create'
collect2: error: ld returned 1 exit status
CMakeFiles/cmTC_396ba.dir/build.make:97: recipe for target 'cmTC_396ba' failed
make[1]: *** [cmTC_396ba] Error 1
make[1]: Leaving directory '/home/jrv/Research/Robotic Architecture/abb_experimental_ws/build/abb_irb1600_6_12_moveit_config/CMakeFiles/CMakeTmp'
Makefile:126: recipe for target 'cmTC_396ba/fast' failed
make: *** [cmTC_396ba/fast] Error 2

File /home/jrv/Research/Robotic Architecture/abb_experimental_ws/build/abb_irb1600_6_12_moveit_config/CMakeFiles/CMakeTmp/CheckSymbolExists.c:
/* */
#include <pthread.h>

int main(int argc, char** argv)
{
  (void)argv;
#ifndef pthread_create
  return ((int*)(&pthread_create))[argc];
#else
  (void)argc;
  return 0;
#endif
}

Determining if the function pthread_create exists in the pthreads failed with the following output:
Change Dir: /home/jrv/Research/Robotic Architecture/abb_experimental_ws/build/abb_irb1600_6_12_moveit_config/CMakeFiles/CMakeTmp

Run Build Command:"/usr/bin/make" "cmTC_21a51/fast"
/usr/bin/make -f CMakeFiles/cmTC_21a51.dir/build.make CMakeFiles/cmTC_21a51.dir/build
make[1]: Entering directory '/home/jrv/Research/Robotic Architecture/abb_experimental_ws/build/abb_irb1600_6_12_moveit_config/CMakeFiles/CMakeTmp'
Building C object CMakeFiles/cmTC_21a51.dir/CheckFunctionExists.c.o
/usr/bin/cc   -DCHECK_FUNCTION_EXISTS=pthread_create   -o CMakeFiles/cmTC_21a51.dir/CheckFunctionExists.c.o   -c /usr/local/share/cmake-3.9/Modules/CheckFunctionExists.c
Linking C executable cmTC_21a51
/usr/local/bin/cmake -E cmake_link_script CMakeFiles/cmTC_21a51.dir/link.txt --verbose=1
/usr/bin/cc  -DCHECK_FUNCTION_EXISTS=pthread_create    -rdynamic CMakeFiles/cmTC_21a51.dir/CheckFunctionExists.c.o  -o cmTC_21a51 -lpthreads 
/usr/bin/ld: cannot find -lpthreads
collect2: error: ld returned 1 exit status
CMakeFiles/cmTC_21a51.dir/build.make:97: recipe for target 'cmTC_21a51' failed
make[1]: *** [cmTC_21a51] Error 1
make[1]: Leaving directory '/home/jrv/Research/Robotic Architecture/abb_experimental_ws/build/abb_irb1600_6_12_moveit_config/CMakeFiles/CMakeTmp'
Makefile:126: recipe for target 'cmTC_21a51/fast' failed
make: *** [cmTC_21a51/fast] Error 2


