Determining if the pthread_create exist failed with the following output:
Change Dir: /home/jrv/Research/Robotic Architecture/abb_experimental_ws/build/abb_irb2400_moveit_plugins/CMakeFiles/CMakeTmp

Run Build Command:"/usr/bin/make" "cmTC_d033a/fast"
/usr/bin/make -f CMakeFiles/cmTC_d033a.dir/build.make CMakeFiles/cmTC_d033a.dir/build
make[1]: Entering directory '/home/jrv/Research/Robotic Architecture/abb_experimental_ws/build/abb_irb2400_moveit_plugins/CMakeFiles/CMakeTmp'
Building C object CMakeFiles/cmTC_d033a.dir/CheckSymbolExists.c.o
/usr/bin/cc    -o CMakeFiles/cmTC_d033a.dir/CheckSymbolExists.c.o   -c "/home/jrv/Research/Robotic Architecture/abb_experimental_ws/build/abb_irb2400_moveit_plugins/CMakeFiles/CMakeTmp/CheckSymbolExists.c"
Linking C executable cmTC_d033a
/usr/local/bin/cmake -E cmake_link_script CMakeFiles/cmTC_d033a.dir/link.txt --verbose=1
/usr/bin/cc      -rdynamic CMakeFiles/cmTC_d033a.dir/CheckSymbolExists.c.o  -o cmTC_d033a 
CMakeFiles/cmTC_d033a.dir/CheckSymbolExists.c.o: In function `main':
CheckSymbolExists.c:(.text+0x16): undefined reference to `pthread_create'
collect2: error: ld returned 1 exit status
CMakeFiles/cmTC_d033a.dir/build.make:97: recipe for target 'cmTC_d033a' failed
make[1]: *** [cmTC_d033a] Error 1
make[1]: Leaving directory '/home/jrv/Research/Robotic Architecture/abb_experimental_ws/build/abb_irb2400_moveit_plugins/CMakeFiles/CMakeTmp'
Makefile:126: recipe for target 'cmTC_d033a/fast' failed
make: *** [cmTC_d033a/fast] Error 2

File /home/jrv/Research/Robotic Architecture/abb_experimental_ws/build/abb_irb2400_moveit_plugins/CMakeFiles/CMakeTmp/CheckSymbolExists.c:
/* */
#include <pthread.h>

int main(int argc, char** argv)
{
  (void)argv;
#ifndef pthread_create
  return ((int*)(&pthread_create))[argc];
#else
  (void)argc;
  return 0;
#endif
}

Determining if the function pthread_create exists in the pthreads failed with the following output:
Change Dir: /home/jrv/Research/Robotic Architecture/abb_experimental_ws/build/abb_irb2400_moveit_plugins/CMakeFiles/CMakeTmp

Run Build Command:"/usr/bin/make" "cmTC_c1c0f/fast"
/usr/bin/make -f CMakeFiles/cmTC_c1c0f.dir/build.make CMakeFiles/cmTC_c1c0f.dir/build
make[1]: Entering directory '/home/jrv/Research/Robotic Architecture/abb_experimental_ws/build/abb_irb2400_moveit_plugins/CMakeFiles/CMakeTmp'
Building C object CMakeFiles/cmTC_c1c0f.dir/CheckFunctionExists.c.o
/usr/bin/cc   -DCHECK_FUNCTION_EXISTS=pthread_create   -o CMakeFiles/cmTC_c1c0f.dir/CheckFunctionExists.c.o   -c /usr/local/share/cmake-3.9/Modules/CheckFunctionExists.c
Linking C executable cmTC_c1c0f
/usr/local/bin/cmake -E cmake_link_script CMakeFiles/cmTC_c1c0f.dir/link.txt --verbose=1
/usr/bin/cc  -DCHECK_FUNCTION_EXISTS=pthread_create    -rdynamic CMakeFiles/cmTC_c1c0f.dir/CheckFunctionExists.c.o  -o cmTC_c1c0f -lpthreads 
/usr/bin/ld: cannot find -lpthreads
collect2: error: ld returned 1 exit status
CMakeFiles/cmTC_c1c0f.dir/build.make:97: recipe for target 'cmTC_c1c0f' failed
make[1]: *** [cmTC_c1c0f] Error 1
make[1]: Leaving directory '/home/jrv/Research/Robotic Architecture/abb_experimental_ws/build/abb_irb2400_moveit_plugins/CMakeFiles/CMakeTmp'
Makefile:126: recipe for target 'cmTC_c1c0f/fast' failed
make: *** [cmTC_c1c0f/fast] Error 2


