Determining if the pthread_create exist failed with the following output:
Change Dir: /home/jrv/Research/RoboticArchitecture/abb_experimental_ws/build/abb_irb1200_7_70_moveit_config/CMakeFiles/CMakeTmp

Run Build Command:"/usr/bin/make" "cmTC_bec48/fast"
/usr/bin/make -f CMakeFiles/cmTC_bec48.dir/build.make CMakeFiles/cmTC_bec48.dir/build
make[1]: Entering directory '/home/jrv/Research/RoboticArchitecture/abb_experimental_ws/build/abb_irb1200_7_70_moveit_config/CMakeFiles/CMakeTmp'
Building C object CMakeFiles/cmTC_bec48.dir/CheckSymbolExists.c.o
/usr/bin/cc    -o CMakeFiles/cmTC_bec48.dir/CheckSymbolExists.c.o   -c /home/jrv/Research/RoboticArchitecture/abb_experimental_ws/build/abb_irb1200_7_70_moveit_config/CMakeFiles/CMakeTmp/CheckSymbolExists.c
Linking C executable cmTC_bec48
/usr/local/bin/cmake -E cmake_link_script CMakeFiles/cmTC_bec48.dir/link.txt --verbose=1
/usr/bin/cc      -rdynamic CMakeFiles/cmTC_bec48.dir/CheckSymbolExists.c.o  -o cmTC_bec48 
CMakeFiles/cmTC_bec48.dir/CheckSymbolExists.c.o: In function `main':
CheckSymbolExists.c:(.text+0x16): undefined reference to `pthread_create'
collect2: error: ld returned 1 exit status
CMakeFiles/cmTC_bec48.dir/build.make:97: recipe for target 'cmTC_bec48' failed
make[1]: *** [cmTC_bec48] Error 1
make[1]: Leaving directory '/home/jrv/Research/RoboticArchitecture/abb_experimental_ws/build/abb_irb1200_7_70_moveit_config/CMakeFiles/CMakeTmp'
Makefile:126: recipe for target 'cmTC_bec48/fast' failed
make: *** [cmTC_bec48/fast] Error 2

File /home/jrv/Research/RoboticArchitecture/abb_experimental_ws/build/abb_irb1200_7_70_moveit_config/CMakeFiles/CMakeTmp/CheckSymbolExists.c:
/* */
#include <pthread.h>

int main(int argc, char** argv)
{
  (void)argv;
#ifndef pthread_create
  return ((int*)(&pthread_create))[argc];
#else
  (void)argc;
  return 0;
#endif
}

Determining if the function pthread_create exists in the pthreads failed with the following output:
Change Dir: /home/jrv/Research/RoboticArchitecture/abb_experimental_ws/build/abb_irb1200_7_70_moveit_config/CMakeFiles/CMakeTmp

Run Build Command:"/usr/bin/make" "cmTC_6d335/fast"
/usr/bin/make -f CMakeFiles/cmTC_6d335.dir/build.make CMakeFiles/cmTC_6d335.dir/build
make[1]: Entering directory '/home/jrv/Research/RoboticArchitecture/abb_experimental_ws/build/abb_irb1200_7_70_moveit_config/CMakeFiles/CMakeTmp'
Building C object CMakeFiles/cmTC_6d335.dir/CheckFunctionExists.c.o
/usr/bin/cc   -DCHECK_FUNCTION_EXISTS=pthread_create   -o CMakeFiles/cmTC_6d335.dir/CheckFunctionExists.c.o   -c /usr/local/share/cmake-3.9/Modules/CheckFunctionExists.c
Linking C executable cmTC_6d335
/usr/local/bin/cmake -E cmake_link_script CMakeFiles/cmTC_6d335.dir/link.txt --verbose=1
/usr/bin/cc  -DCHECK_FUNCTION_EXISTS=pthread_create    -rdynamic CMakeFiles/cmTC_6d335.dir/CheckFunctionExists.c.o  -o cmTC_6d335 -lpthreads 
/usr/bin/ld: cannot find -lpthreads
collect2: error: ld returned 1 exit status
CMakeFiles/cmTC_6d335.dir/build.make:97: recipe for target 'cmTC_6d335' failed
make[1]: *** [cmTC_6d335] Error 1
make[1]: Leaving directory '/home/jrv/Research/RoboticArchitecture/abb_experimental_ws/build/abb_irb1200_7_70_moveit_config/CMakeFiles/CMakeTmp'
Makefile:126: recipe for target 'cmTC_6d335/fast' failed
make: *** [cmTC_6d335/fast] Error 2


