Determining if the pthread_create exist failed with the following output:
Change Dir: /home/jrv/Research/RoboticArchitecture/abb_experimental_ws/build/rosserial_python/CMakeFiles/CMakeTmp

Run Build Command:"/usr/bin/make" "cmTC_3f5fb/fast"
/usr/bin/make -f CMakeFiles/cmTC_3f5fb.dir/build.make CMakeFiles/cmTC_3f5fb.dir/build
make[1]: Entering directory '/home/jrv/Research/RoboticArchitecture/abb_experimental_ws/build/rosserial_python/CMakeFiles/CMakeTmp'
Building C object CMakeFiles/cmTC_3f5fb.dir/CheckSymbolExists.c.o
/usr/bin/cc    -o CMakeFiles/cmTC_3f5fb.dir/CheckSymbolExists.c.o   -c /home/jrv/Research/RoboticArchitecture/abb_experimental_ws/build/rosserial_python/CMakeFiles/CMakeTmp/CheckSymbolExists.c
Linking C executable cmTC_3f5fb
/usr/local/bin/cmake -E cmake_link_script CMakeFiles/cmTC_3f5fb.dir/link.txt --verbose=1
/usr/bin/cc      -rdynamic CMakeFiles/cmTC_3f5fb.dir/CheckSymbolExists.c.o  -o cmTC_3f5fb 
CMakeFiles/cmTC_3f5fb.dir/CheckSymbolExists.c.o: In function `main':
CheckSymbolExists.c:(.text+0x16): undefined reference to `pthread_create'
collect2: error: ld returned 1 exit status
CMakeFiles/cmTC_3f5fb.dir/build.make:97: recipe for target 'cmTC_3f5fb' failed
make[1]: *** [cmTC_3f5fb] Error 1
make[1]: Leaving directory '/home/jrv/Research/RoboticArchitecture/abb_experimental_ws/build/rosserial_python/CMakeFiles/CMakeTmp'
Makefile:126: recipe for target 'cmTC_3f5fb/fast' failed
make: *** [cmTC_3f5fb/fast] Error 2

File /home/jrv/Research/RoboticArchitecture/abb_experimental_ws/build/rosserial_python/CMakeFiles/CMakeTmp/CheckSymbolExists.c:
/* */
#include <pthread.h>

int main(int argc, char** argv)
{
  (void)argv;
#ifndef pthread_create
  return ((int*)(&pthread_create))[argc];
#else
  (void)argc;
  return 0;
#endif
}

Determining if the function pthread_create exists in the pthreads failed with the following output:
Change Dir: /home/jrv/Research/RoboticArchitecture/abb_experimental_ws/build/rosserial_python/CMakeFiles/CMakeTmp

Run Build Command:"/usr/bin/make" "cmTC_0f83a/fast"
/usr/bin/make -f CMakeFiles/cmTC_0f83a.dir/build.make CMakeFiles/cmTC_0f83a.dir/build
make[1]: Entering directory '/home/jrv/Research/RoboticArchitecture/abb_experimental_ws/build/rosserial_python/CMakeFiles/CMakeTmp'
Building C object CMakeFiles/cmTC_0f83a.dir/CheckFunctionExists.c.o
/usr/bin/cc   -DCHECK_FUNCTION_EXISTS=pthread_create   -o CMakeFiles/cmTC_0f83a.dir/CheckFunctionExists.c.o   -c /usr/local/share/cmake-3.9/Modules/CheckFunctionExists.c
Linking C executable cmTC_0f83a
/usr/local/bin/cmake -E cmake_link_script CMakeFiles/cmTC_0f83a.dir/link.txt --verbose=1
/usr/bin/cc  -DCHECK_FUNCTION_EXISTS=pthread_create    -rdynamic CMakeFiles/cmTC_0f83a.dir/CheckFunctionExists.c.o  -o cmTC_0f83a -lpthreads 
/usr/bin/ld: cannot find -lpthreads
collect2: error: ld returned 1 exit status
CMakeFiles/cmTC_0f83a.dir/build.make:97: recipe for target 'cmTC_0f83a' failed
make[1]: *** [cmTC_0f83a] Error 1
make[1]: Leaving directory '/home/jrv/Research/RoboticArchitecture/abb_experimental_ws/build/rosserial_python/CMakeFiles/CMakeTmp'
Makefile:126: recipe for target 'cmTC_0f83a/fast' failed
make: *** [cmTC_0f83a/fast] Error 2


