Determining if the pthread_create exist failed with the following output:
Change Dir: /home/jrv/Research/RoboticArcitecture/abb_experimental_ws/build/open_abb_driver/CMakeFiles/CMakeTmp

Run Build Command:"/usr/bin/make" "cmTC_bce44/fast"
/usr/bin/make -f CMakeFiles/cmTC_bce44.dir/build.make CMakeFiles/cmTC_bce44.dir/build
make[1]: Entering directory '/home/jrv/Research/RoboticArcitecture/abb_experimental_ws/build/open_abb_driver/CMakeFiles/CMakeTmp'
Building C object CMakeFiles/cmTC_bce44.dir/CheckSymbolExists.c.o
/usr/bin/cc    -o CMakeFiles/cmTC_bce44.dir/CheckSymbolExists.c.o   -c /home/jrv/Research/RoboticArcitecture/abb_experimental_ws/build/open_abb_driver/CMakeFiles/CMakeTmp/CheckSymbolExists.c
Linking C executable cmTC_bce44
/usr/local/bin/cmake -E cmake_link_script CMakeFiles/cmTC_bce44.dir/link.txt --verbose=1
/usr/bin/cc      -rdynamic CMakeFiles/cmTC_bce44.dir/CheckSymbolExists.c.o  -o cmTC_bce44 
CMakeFiles/cmTC_bce44.dir/CheckSymbolExists.c.o: In function `main':
CheckSymbolExists.c:(.text+0x16): undefined reference to `pthread_create'
collect2: error: ld returned 1 exit status
CMakeFiles/cmTC_bce44.dir/build.make:97: recipe for target 'cmTC_bce44' failed
make[1]: *** [cmTC_bce44] Error 1
make[1]: Leaving directory '/home/jrv/Research/RoboticArcitecture/abb_experimental_ws/build/open_abb_driver/CMakeFiles/CMakeTmp'
Makefile:126: recipe for target 'cmTC_bce44/fast' failed
make: *** [cmTC_bce44/fast] Error 2

File /home/jrv/Research/RoboticArcitecture/abb_experimental_ws/build/open_abb_driver/CMakeFiles/CMakeTmp/CheckSymbolExists.c:
/* */
#include <pthread.h>

int main(int argc, char** argv)
{
  (void)argv;
#ifndef pthread_create
  return ((int*)(&pthread_create))[argc];
#else
  (void)argc;
  return 0;
#endif
}

Determining if the function pthread_create exists in the pthreads failed with the following output:
Change Dir: /home/jrv/Research/RoboticArcitecture/abb_experimental_ws/build/open_abb_driver/CMakeFiles/CMakeTmp

Run Build Command:"/usr/bin/make" "cmTC_8629e/fast"
/usr/bin/make -f CMakeFiles/cmTC_8629e.dir/build.make CMakeFiles/cmTC_8629e.dir/build
make[1]: Entering directory '/home/jrv/Research/RoboticArcitecture/abb_experimental_ws/build/open_abb_driver/CMakeFiles/CMakeTmp'
Building C object CMakeFiles/cmTC_8629e.dir/CheckFunctionExists.c.o
/usr/bin/cc   -DCHECK_FUNCTION_EXISTS=pthread_create   -o CMakeFiles/cmTC_8629e.dir/CheckFunctionExists.c.o   -c /usr/local/share/cmake-3.9/Modules/CheckFunctionExists.c
Linking C executable cmTC_8629e
/usr/local/bin/cmake -E cmake_link_script CMakeFiles/cmTC_8629e.dir/link.txt --verbose=1
/usr/bin/cc  -DCHECK_FUNCTION_EXISTS=pthread_create    -rdynamic CMakeFiles/cmTC_8629e.dir/CheckFunctionExists.c.o  -o cmTC_8629e -lpthreads 
/usr/bin/ld: cannot find -lpthreads
collect2: error: ld returned 1 exit status
CMakeFiles/cmTC_8629e.dir/build.make:97: recipe for target 'cmTC_8629e' failed
make[1]: *** [cmTC_8629e] Error 1
make[1]: Leaving directory '/home/jrv/Research/RoboticArcitecture/abb_experimental_ws/build/open_abb_driver/CMakeFiles/CMakeTmp'
Makefile:126: recipe for target 'cmTC_8629e/fast' failed
make: *** [cmTC_8629e/fast] Error 2


